<?xml version="1.0" encoding="UTF-8"?>
<testng-results skipped="9" failed="0" total="9" passed="0">
  <reporter-output>
  </reporter-output>
  <suite name="Default suite" duration-ms="188" started-at="2018-05-16T12:53:31Z" finished-at="2018-05-16T12:53:31Z">
    <groups>
    </groups>
    <test name="Default test" duration-ms="188" started-at="2018-05-16T12:53:31Z" finished-at="2018-05-16T12:53:31Z">
      <class name="seleniumDemo.seleniumDemo.ParallelClassesTestOne2">
        <test-method status="FAIL" signature="before()[pri:0, instance:seleniumDemo.seleniumDemo.ParallelClassesTestOne2@59fa1d9b]" name="before" is-config="true" duration-ms="0" started-at="2018-05-16T20:53:31Z" finished-at="2018-05-16T20:53:31Z">
          <exception class="java.lang.IllegalStateException">
            <message>
              <![CDATA[The path to the driver executable must be set by the webdriver.chrome.driver system property; for more information, see https://github.com/SeleniumHQ/selenium/wiki/ChromeDriver. The latest version can be downloaded from http://chromedriver.storage.googleapis.com/index.html]]>
            </message>
            <full-stacktrace>
              <![CDATA[java.lang.IllegalStateException: The path to the driver executable must be set by the webdriver.chrome.driver system property; for more information, see https://github.com/SeleniumHQ/selenium/wiki/ChromeDriver. The latest version can be downloaded from http://chromedriver.storage.googleapis.com/index.html
	at com.google.common.base.Preconditions.checkState(Preconditions.java:738)
	at org.openqa.selenium.remote.service.DriverService.findExecutable(DriverService.java:124)
	at org.openqa.selenium.chrome.ChromeDriverService.access$000(ChromeDriverService.java:32)
	at org.openqa.selenium.chrome.ChromeDriverService$Builder.findDefaultExecutable(ChromeDriverService.java:137)
	at org.openqa.selenium.remote.service.DriverService$Builder.build(DriverService.java:330)
	at org.openqa.selenium.chrome.ChromeDriverService.createDefaultService(ChromeDriverService.java:88)
	at org.openqa.selenium.chrome.ChromeDriver.<init>(ChromeDriver.java:124)
	at seleniumDemo.seleniumDemo.ParallelClassesTestOne2.before(ParallelClassesTestOne2.java:19)
	at sun.reflect.NativeMethodAccessorImpl.invoke0(Native Method)
	at sun.reflect.NativeMethodAccessorImpl.invoke(Unknown Source)
	at sun.reflect.DelegatingMethodAccessorImpl.invoke(Unknown Source)
	at java.lang.reflect.Method.invoke(Unknown Source)
	at org.testng.internal.MethodInvocationHelper.invokeMethod(MethodInvocationHelper.java:84)
	at org.testng.internal.Invoker.invokeConfigurationMethod(Invoker.java:564)
	at org.testng.internal.Invoker.invokeConfigurations(Invoker.java:213)
	at org.testng.internal.Invoker.invokeMethod(Invoker.java:653)
	at org.testng.internal.Invoker.invokeTestMethod(Invoker.java:901)
	at org.testng.internal.Invoker.invokeTestMethods(Invoker.java:1231)
	at org.testng.internal.TestMethodWorker.invokeTestMethods(TestMethodWorker.java:127)
	at org.testng.internal.TestMethodWorker.run(TestMethodWorker.java:111)
	at org.testng.TestRunner.privateRun(TestRunner.java:767)
	at org.testng.TestRunner.run(TestRunner.java:617)
	at org.testng.SuiteRunner.runTest(SuiteRunner.java:348)
	at org.testng.SuiteRunner.runSequentially(SuiteRunner.java:343)
	at org.testng.SuiteRunner.privateRun(SuiteRunner.java:305)
	at org.testng.SuiteRunner.run(SuiteRunner.java:254)
	at org.testng.SuiteRunnerWorker.runSuite(SuiteRunnerWorker.java:52)
	at org.testng.SuiteRunnerWorker.run(SuiteRunnerWorker.java:86)
	at org.testng.TestNG.runSuitesSequentially(TestNG.java:1224)
	at org.testng.TestNG.runSuitesLocally(TestNG.java:1149)
	at org.testng.TestNG.run(TestNG.java:1057)
	at org.testng.remote.AbstractRemoteTestNG.run(AbstractRemoteTestNG.java:114)
	at org.testng.remote.RemoteTestNG.initAndRun(RemoteTestNG.java:251)
	at org.testng.remote.RemoteTestNG.main(RemoteTestNG.java:77)
]]>
            </full-stacktrace>
          </exception> <!-- java.lang.IllegalStateException -->
          <reporter-output>
          </reporter-output>
        </test-method> <!-- before -->
        <test-method status="SKIP" signature="testMethodOne()[pri:0, instance:seleniumDemo.seleniumDemo.ParallelClassesTestOne2@59fa1d9b]" name="testMethodOne" duration-ms="4" started-at="2018-05-16T20:53:31Z" finished-at="2018-05-16T20:53:31Z">
          <reporter-output>
          </reporter-output>
        </test-method> <!-- testMethodOne -->
        <test-method status="SKIP" signature="before()[pri:0, instance:seleniumDemo.seleniumDemo.ParallelClassesTestOne2@59fa1d9b]" name="before" is-config="true" duration-ms="0" started-at="2018-05-16T20:53:31Z" finished-at="2018-05-16T20:53:31Z">
          <reporter-output>
          </reporter-output>
        </test-method> <!-- before -->
        <test-method status="SKIP" signature="testMethodOne1()[pri:0, instance:seleniumDemo.seleniumDemo.ParallelClassesTestOne2@59fa1d9b]" name="testMethodOne1" duration-ms="2" started-at="2018-05-16T20:53:31Z" finished-at="2018-05-16T20:53:31Z">
          <reporter-output>
          </reporter-output>
        </test-method> <!-- testMethodOne1 -->
        <test-method status="SKIP" signature="before()[pri:0, instance:seleniumDemo.seleniumDemo.ParallelClassesTestOne2@59fa1d9b]" name="before" is-config="true" duration-ms="0" started-at="2018-05-16T20:53:31Z" finished-at="2018-05-16T20:53:31Z">
          <reporter-output>
          </reporter-output>
        </test-method> <!-- before -->
        <test-method status="SKIP" signature="testMethodOne2()[pri:0, instance:seleniumDemo.seleniumDemo.ParallelClassesTestOne2@59fa1d9b]" name="testMethodOne2" duration-ms="5" started-at="2018-05-16T20:53:31Z" finished-at="2018-05-16T20:53:31Z">
          <reporter-output>
          </reporter-output>
        </test-method> <!-- testMethodOne2 -->
        <test-method status="SKIP" signature="before()[pri:0, instance:seleniumDemo.seleniumDemo.ParallelClassesTestOne2@59fa1d9b]" name="before" is-config="true" duration-ms="0" started-at="2018-05-16T20:53:31Z" finished-at="2018-05-16T20:53:31Z">
          <reporter-output>
          </reporter-output>
        </test-method> <!-- before -->
        <test-method status="SKIP" signature="testMethodOne3()[pri:0, instance:seleniumDemo.seleniumDemo.ParallelClassesTestOne2@59fa1d9b]" name="testMethodOne3" duration-ms="4" started-at="2018-05-16T20:53:31Z" finished-at="2018-05-16T20:53:31Z">
          <reporter-output>
          </reporter-output>
        </test-method> <!-- testMethodOne3 -->
        <test-method status="SKIP" signature="before()[pri:0, instance:seleniumDemo.seleniumDemo.ParallelClassesTestOne2@59fa1d9b]" name="before" is-config="true" duration-ms="0" started-at="2018-05-16T20:53:31Z" finished-at="2018-05-16T20:53:31Z">
          <reporter-output>
          </reporter-output>
        </test-method> <!-- before -->
        <test-method status="SKIP" signature="testMethodOne4()[pri:0, instance:seleniumDemo.seleniumDemo.ParallelClassesTestOne2@59fa1d9b]" name="testMethodOne4" duration-ms="3" started-at="2018-05-16T20:53:31Z" finished-at="2018-05-16T20:53:31Z">
          <reporter-output>
          </reporter-output>
        </test-method> <!-- testMethodOne4 -->
        <test-method status="SKIP" signature="before()[pri:0, instance:seleniumDemo.seleniumDemo.ParallelClassesTestOne2@59fa1d9b]" name="before" is-config="true" duration-ms="0" started-at="2018-05-16T20:53:31Z" finished-at="2018-05-16T20:53:31Z">
          <reporter-output>
          </reporter-output>
        </test-method> <!-- before -->
        <test-method status="SKIP" signature="testMethodOne5()[pri:0, instance:seleniumDemo.seleniumDemo.ParallelClassesTestOne2@59fa1d9b]" name="testMethodOne5" duration-ms="4" started-at="2018-05-16T20:53:31Z" finished-at="2018-05-16T20:53:31Z">
          <reporter-output>
          </reporter-output>
        </test-method> <!-- testMethodOne5 -->
        <test-method status="SKIP" signature="before()[pri:0, instance:seleniumDemo.seleniumDemo.ParallelClassesTestOne2@59fa1d9b]" name="before" is-config="true" duration-ms="0" started-at="2018-05-16T20:53:31Z" finished-at="2018-05-16T20:53:31Z">
          <reporter-output>
          </reporter-output>
        </test-method> <!-- before -->
        <test-method status="SKIP" signature="testMethodOne6()[pri:0, instance:seleniumDemo.seleniumDemo.ParallelClassesTestOne2@59fa1d9b]" name="testMethodOne6" duration-ms="2" started-at="2018-05-16T20:53:31Z" finished-at="2018-05-16T20:53:31Z">
          <reporter-output>
          </reporter-output>
        </test-method> <!-- testMethodOne6 -->
        <test-method status="SKIP" signature="before()[pri:0, instance:seleniumDemo.seleniumDemo.ParallelClassesTestOne2@59fa1d9b]" name="before" is-config="true" duration-ms="0" started-at="2018-05-16T20:53:31Z" finished-at="2018-05-16T20:53:31Z">
          <reporter-output>
          </reporter-output>
        </test-method> <!-- before -->
        <test-method status="SKIP" signature="testMethodOne7()[pri:0, instance:seleniumDemo.seleniumDemo.ParallelClassesTestOne2@59fa1d9b]" name="testMethodOne7" duration-ms="4" started-at="2018-05-16T20:53:31Z" finished-at="2018-05-16T20:53:31Z">
          <reporter-output>
          </reporter-output>
        </test-method> <!-- testMethodOne7 -->
        <test-method status="SKIP" signature="before()[pri:0, instance:seleniumDemo.seleniumDemo.ParallelClassesTestOne2@59fa1d9b]" name="before" is-config="true" duration-ms="0" started-at="2018-05-16T20:53:31Z" finished-at="2018-05-16T20:53:31Z">
          <reporter-output>
          </reporter-output>
        </test-method> <!-- before -->
        <test-method status="SKIP" signature="testMethodOne8()[pri:0, instance:seleniumDemo.seleniumDemo.ParallelClassesTestOne2@59fa1d9b]" name="testMethodOne8" duration-ms="2" started-at="2018-05-16T20:53:31Z" finished-at="2018-05-16T20:53:31Z">
          <reporter-output>
          </reporter-output>
        </test-method> <!-- testMethodOne8 -->
      </class> <!-- seleniumDemo.seleniumDemo.ParallelClassesTestOne2 -->
    </test> <!-- Default test -->
  </suite> <!-- Default suite -->
</testng-results>
