<?xml version="1.0" encoding="UTF-8"?>
<!-- Generated by org.testng.reporters.JUnitXMLReporter -->
<testsuite hostname="LAPTOP-J21E10N9" name="loginTest_chrome" tests="9" failures="0" timestamp="8 May 2018 14:46:15 GMT" time="22.005" errors="0">
  <testcase name="testMethodOne" time="4.177" classname="seleniumDemo.seleniumDemo.ParallelClassesTestOne2"/>
  <testcase name="testMethodOne1" time="4.602" classname="seleniumDemo.seleniumDemo.ParallelClassesTestOne2"/>
  <testcase name="testMethodOne2" time="4.166" classname="seleniumDemo.seleniumDemo.ParallelClassesTestOne2"/>
  <testcase name="testMethodOne3" time="4.554" classname="seleniumDemo.seleniumDemo.ParallelClassesTestOne2"/>
  <testcase name="testMethodOne4" time="4.017" classname="seleniumDemo.seleniumDemo.ParallelClassesTestOne2"/>
  <testcase name="testMethodOne5" time="4.079" classname="seleniumDemo.seleniumDemo.ParallelClassesTestOne2"/>
  <testcase name="testMethodOne6" time="4.463" classname="seleniumDemo.seleniumDemo.ParallelClassesTestOne2"/>
  <testcase name="testMethodOne7" time="4.855" classname="seleniumDemo.seleniumDemo.ParallelClassesTestOne2"/>
  <testcase name="testMethodOne8" time="5.147" classname="seleniumDemo.seleniumDemo.ParallelClassesTestOne2"/>
</testsuite> <!-- loginTest_chrome -->
